<?xml version="1.0" encoding="UTF-8"?>
<!-- Generated by org.testng.reporters.JUnitReportReporter -->
<testsuite hostname="DESKTOP-OQ31N88" name="newcountries.ScareenShotTaken" tests="1" failures="0" timestamp="17 Dec 2019 10:53:36 GMT" time="364.815" errors="0">
  <testcase name="captureScreenMethod" time="364.815" classname="newcountries.ScareenShotTaken"/>
</testsuite> <!-- newcountries.ScareenShotTaken -->
