<?xml version="1.0" encoding="UTF-8"?>
<!-- Generated by org.testng.reporters.JUnitReportReporter -->
<testsuite hostname="DESKTOP-OQ31N88" name="newcountries.Extendend_NewCountries" tests="1" failures="0" timestamp="18 Dec 2019 10:42:56 GMT" time="1853.992" errors="0">
  <testcase name="captureScreenMethod" time="1853.992" classname="newcountries.Extendend_NewCountries"/>
</testsuite> <!-- newcountries.Extendend_NewCountries -->
