<?xml version="1.0" encoding="UTF-8"?>
<!-- Generated by org.testng.reporters.JUnitReportReporter -->
<testsuite hostname="DESKTOP-OQ31N88" name="newcountries.ScareenShotTaken" tests="1" failures="0" timestamp="18 Dec 2019 10:49:31 GMT" time="349.908" errors="0">
  <testcase name="captureScreenMethod" time="349.908" classname="newcountries.ScareenShotTaken"/>
</testsuite> <!-- newcountries.ScareenShotTaken -->
